CRITICAL - 2023-09-25 04:31:16 --> Invalid file: "home.php"
in SYSTEMPATH\Exceptions\FrameworkException.php on line 39.
 1 SYSTEMPATH\View\View.php(214): CodeIgniter\Exceptions\FrameworkException::forInvalidFile('home.php')
 2 SYSTEMPATH\Common.php(1188): CodeIgniter\View\View->render('home', [], true)
 3 APPPATH\Controllers\Home.php(10): view('home')
 4 SYSTEMPATH\CodeIgniter.php(919): App\Controllers\Home->index()
 5 SYSTEMPATH\CodeIgniter.php(494): CodeIgniter\CodeIgniter->runController(Object(App\Controllers\Home))
 6 SYSTEMPATH\CodeIgniter.php(353): CodeIgniter\CodeIgniter->handleRequest(null, Object(Config\Cache), false)
 7 FCPATH\index.php(79): CodeIgniter\CodeIgniter->run()
 8 SYSTEMPATH\Commands\Server\rewrite.php(47): require_once('E:\\xampp\\htdocs\\codeigniter\\public\\index.php')
CRITICAL - 2023-09-25 04:38:59 --> Invalid file: "header.php"
in SYSTEMPATH\Exceptions\FrameworkException.php on line 39.
 1 SYSTEMPATH\View\View.php(214): CodeIgniter\Exceptions\FrameworkException::forInvalidFile('header.php')
 2 SYSTEMPATH\View\View.php(242): CodeIgniter\View\View->render('header.php', [], true)
 3 SYSTEMPATH\Common.php(1188): CodeIgniter\View\View->render('frontend/home', [], true)
 4 APPPATH\Controllers\Home.php(10): view('frontend/home')
 5 SYSTEMPATH\CodeIgniter.php(919): App\Controllers\Home->index()
 6 SYSTEMPATH\CodeIgniter.php(494): CodeIgniter\CodeIgniter->runController(Object(App\Controllers\Home))
 7 SYSTEMPATH\CodeIgniter.php(353): CodeIgniter\CodeIgniter->handleRequest(null, Object(Config\Cache), false)
 8 FCPATH\index.php(79): CodeIgniter\CodeIgniter->run()
 9 SYSTEMPATH\Commands\Server\rewrite.php(47): require_once('E:\\xampp\\htdocs\\codeigniter\\public\\index.php')
CRITICAL - 2023-09-25 04:39:42 --> Invalid file: "header.php"
in SYSTEMPATH\Exceptions\FrameworkException.php on line 39.
 1 SYSTEMPATH\View\View.php(214): CodeIgniter\Exceptions\FrameworkException::forInvalidFile('header.php')
 2 SYSTEMPATH\View\View.php(242): CodeIgniter\View\View->render('header.php', [], true)
 3 SYSTEMPATH\Common.php(1188): CodeIgniter\View\View->render('frontend/home', [], true)
 4 APPPATH\Controllers\Home.php(9): view('frontend/home')
 5 SYSTEMPATH\CodeIgniter.php(919): App\Controllers\Home->index()
 6 SYSTEMPATH\CodeIgniter.php(494): CodeIgniter\CodeIgniter->runController(Object(App\Controllers\Home))
 7 SYSTEMPATH\CodeIgniter.php(353): CodeIgniter\CodeIgniter->handleRequest(null, Object(Config\Cache), false)
 8 FCPATH\index.php(79): CodeIgniter\CodeIgniter->run()
 9 SYSTEMPATH\Commands\Server\rewrite.php(47): require_once('E:\\xampp\\htdocs\\codeigniter\\public\\index.php')
CRITICAL - 2023-09-25 04:39:43 --> Invalid file: "header.php"
in SYSTEMPATH\Exceptions\FrameworkException.php on line 39.
 1 SYSTEMPATH\View\View.php(214): CodeIgniter\Exceptions\FrameworkException::forInvalidFile('header.php')
 2 SYSTEMPATH\View\View.php(242): CodeIgniter\View\View->render('header.php', [], true)
 3 SYSTEMPATH\Common.php(1188): CodeIgniter\View\View->render('frontend/home', [], true)
 4 APPPATH\Controllers\Home.php(9): view('frontend/home')
 5 SYSTEMPATH\CodeIgniter.php(919): App\Controllers\Home->index()
 6 SYSTEMPATH\CodeIgniter.php(494): CodeIgniter\CodeIgniter->runController(Object(App\Controllers\Home))
 7 SYSTEMPATH\CodeIgniter.php(353): CodeIgniter\CodeIgniter->handleRequest(null, Object(Config\Cache), false)
 8 FCPATH\index.php(79): CodeIgniter\CodeIgniter->run()
 9 SYSTEMPATH\Commands\Server\rewrite.php(47): require_once('E:\\xampp\\htdocs\\codeigniter\\public\\index.php')
CRITICAL - 2023-09-25 04:40:42 --> Invalid file: "header.php"
in SYSTEMPATH\Exceptions\FrameworkException.php on line 39.
 1 SYSTEMPATH\View\View.php(214): CodeIgniter\Exceptions\FrameworkException::forInvalidFile('header.php')
 2 SYSTEMPATH\View\View.php(242): CodeIgniter\View\View->render('header.php', [], true)
 3 SYSTEMPATH\Common.php(1188): CodeIgniter\View\View->render('frontend/home', [], true)
 4 APPPATH\Controllers\Home.php(9): view('frontend/home')
 5 SYSTEMPATH\CodeIgniter.php(919): App\Controllers\Home->index()
 6 SYSTEMPATH\CodeIgniter.php(494): CodeIgniter\CodeIgniter->runController(Object(App\Controllers\Home))
 7 SYSTEMPATH\CodeIgniter.php(353): CodeIgniter\CodeIgniter->handleRequest(null, Object(Config\Cache), false)
 8 FCPATH\index.php(79): CodeIgniter\CodeIgniter->run()
 9 SYSTEMPATH\Commands\Server\rewrite.php(47): require_once('E:\\xampp\\htdocs\\codeigniter\\public\\index.php')
CRITICAL - 2023-09-25 04:55:13 --> Invalid file: "banner.php"
in SYSTEMPATH\Exceptions\FrameworkException.php on line 39.
 1 SYSTEMPATH\View\View.php(214): CodeIgniter\Exceptions\FrameworkException::forInvalidFile('banner.php')
 2 SYSTEMPATH\View\View.php(467): CodeIgniter\View\View->render('banner.php', null, true)
 3 APPPATH\Views\frontend\home.php(4): CodeIgniter\View\View->include('banner.php')
 4 SYSTEMPATH\View\View.php(226): include('E:\\xampp\\htdocs\\codeigniter\\app\\Views\\frontend\\home.php')
 5 SYSTEMPATH\View\View.php(229): CodeIgniter\View\View->CodeIgniter\View\{closure}()
 6 SYSTEMPATH\Common.php(1188): CodeIgniter\View\View->render('frontend/home', [], true)
 7 APPPATH\Controllers\Home.php(9): view('frontend/home')
 8 SYSTEMPATH\CodeIgniter.php(919): App\Controllers\Home->index()
 9 SYSTEMPATH\CodeIgniter.php(494): CodeIgniter\CodeIgniter->runController(Object(App\Controllers\Home))
10 SYSTEMPATH\CodeIgniter.php(353): CodeIgniter\CodeIgniter->handleRequest(null, Object(Config\Cache), false)
11 FCPATH\index.php(79): CodeIgniter\CodeIgniter->run()
12 SYSTEMPATH\Commands\Server\rewrite.php(47): require_once('E:\\xampp\\htdocs\\codeigniter\\public\\index.php')
CRITICAL - 2023-09-25 04:57:15 --> Invalid file: "banner.php"
in SYSTEMPATH\Exceptions\FrameworkException.php on line 39.
 1 SYSTEMPATH\View\View.php(214): CodeIgniter\Exceptions\FrameworkException::forInvalidFile('banner.php')
 2 SYSTEMPATH\View\View.php(467): CodeIgniter\View\View->render('banner.php', null, true)
 3 APPPATH\Views\frontend\home.php(4): CodeIgniter\View\View->include('banner.php')
 4 SYSTEMPATH\View\View.php(226): include('E:\\xampp\\htdocs\\codeigniter\\app\\Views\\frontend\\home.php')
 5 SYSTEMPATH\View\View.php(229): CodeIgniter\View\View->CodeIgniter\View\{closure}()
 6 SYSTEMPATH\Common.php(1188): CodeIgniter\View\View->render('frontend/home', [], true)
 7 APPPATH\Controllers\Home.php(9): view('frontend/home')
 8 SYSTEMPATH\CodeIgniter.php(919): App\Controllers\Home->index()
 9 SYSTEMPATH\CodeIgniter.php(494): CodeIgniter\CodeIgniter->runController(Object(App\Controllers\Home))
10 SYSTEMPATH\CodeIgniter.php(353): CodeIgniter\CodeIgniter->handleRequest(null, Object(Config\Cache), false)
11 FCPATH\index.php(79): CodeIgniter\CodeIgniter->run()
12 SYSTEMPATH\Commands\Server\rewrite.php(47): require_once('E:\\xampp\\htdocs\\codeigniter\\public\\index.php')
CRITICAL - 2023-09-25 04:57:39 --> Invalid file: "card.php"
in SYSTEMPATH\Exceptions\FrameworkException.php on line 39.
 1 SYSTEMPATH\View\View.php(214): CodeIgniter\Exceptions\FrameworkException::forInvalidFile('card.php')
 2 SYSTEMPATH\View\View.php(467): CodeIgniter\View\View->render('card.php', null, true)
 3 APPPATH\Views\frontend\home.php(4): CodeIgniter\View\View->include('card.php')
 4 SYSTEMPATH\View\View.php(226): include('E:\\xampp\\htdocs\\codeigniter\\app\\Views\\frontend\\home.php')
 5 SYSTEMPATH\View\View.php(229): CodeIgniter\View\View->CodeIgniter\View\{closure}()
 6 SYSTEMPATH\Common.php(1188): CodeIgniter\View\View->render('frontend/home', [], true)
 7 APPPATH\Controllers\Home.php(9): view('frontend/home')
 8 SYSTEMPATH\CodeIgniter.php(919): App\Controllers\Home->index()
 9 SYSTEMPATH\CodeIgniter.php(494): CodeIgniter\CodeIgniter->runController(Object(App\Controllers\Home))
10 SYSTEMPATH\CodeIgniter.php(353): CodeIgniter\CodeIgniter->handleRequest(null, Object(Config\Cache), false)
11 FCPATH\index.php(79): CodeIgniter\CodeIgniter->run()
12 SYSTEMPATH\Commands\Server\rewrite.php(47): require_once('E:\\xampp\\htdocs\\codeigniter\\public\\index.php')
CRITICAL - 2023-09-25 04:57:40 --> Invalid file: "card.php"
in SYSTEMPATH\Exceptions\FrameworkException.php on line 39.
 1 SYSTEMPATH\View\View.php(214): CodeIgniter\Exceptions\FrameworkException::forInvalidFile('card.php')
 2 SYSTEMPATH\View\View.php(467): CodeIgniter\View\View->render('card.php', null, true)
 3 APPPATH\Views\frontend\home.php(4): CodeIgniter\View\View->include('card.php')
 4 SYSTEMPATH\View\View.php(226): include('E:\\xampp\\htdocs\\codeigniter\\app\\Views\\frontend\\home.php')
 5 SYSTEMPATH\View\View.php(229): CodeIgniter\View\View->CodeIgniter\View\{closure}()
 6 SYSTEMPATH\Common.php(1188): CodeIgniter\View\View->render('frontend/home', [], true)
 7 APPPATH\Controllers\Home.php(9): view('frontend/home')
 8 SYSTEMPATH\CodeIgniter.php(919): App\Controllers\Home->index()
 9 SYSTEMPATH\CodeIgniter.php(494): CodeIgniter\CodeIgniter->runController(Object(App\Controllers\Home))
10 SYSTEMPATH\CodeIgniter.php(353): CodeIgniter\CodeIgniter->handleRequest(null, Object(Config\Cache), false)
11 FCPATH\index.php(79): CodeIgniter\CodeIgniter->run()
12 SYSTEMPATH\Commands\Server\rewrite.php(47): require_once('E:\\xampp\\htdocs\\codeigniter\\public\\index.php')
CRITICAL - 2023-09-25 04:57:40 --> Invalid file: "card.php"
in SYSTEMPATH\Exceptions\FrameworkException.php on line 39.
 1 SYSTEMPATH\View\View.php(214): CodeIgniter\Exceptions\FrameworkException::forInvalidFile('card.php')
 2 SYSTEMPATH\View\View.php(467): CodeIgniter\View\View->render('card.php', null, true)
 3 APPPATH\Views\frontend\home.php(4): CodeIgniter\View\View->include('card.php')
 4 SYSTEMPATH\View\View.php(226): include('E:\\xampp\\htdocs\\codeigniter\\app\\Views\\frontend\\home.php')
 5 SYSTEMPATH\View\View.php(229): CodeIgniter\View\View->CodeIgniter\View\{closure}()
 6 SYSTEMPATH\Common.php(1188): CodeIgniter\View\View->render('frontend/home', [], true)
 7 APPPATH\Controllers\Home.php(9): view('frontend/home')
 8 SYSTEMPATH\CodeIgniter.php(919): App\Controllers\Home->index()
 9 SYSTEMPATH\CodeIgniter.php(494): CodeIgniter\CodeIgniter->runController(Object(App\Controllers\Home))
10 SYSTEMPATH\CodeIgniter.php(353): CodeIgniter\CodeIgniter->handleRequest(null, Object(Config\Cache), false)
11 FCPATH\index.php(79): CodeIgniter\CodeIgniter->run()
12 SYSTEMPATH\Commands\Server\rewrite.php(47): require_once('E:\\xampp\\htdocs\\codeigniter\\public\\index.php')
CRITICAL - 2023-09-25 04:57:40 --> Invalid file: "card.php"
in SYSTEMPATH\Exceptions\FrameworkException.php on line 39.
 1 SYSTEMPATH\View\View.php(214): CodeIgniter\Exceptions\FrameworkException::forInvalidFile('card.php')
 2 SYSTEMPATH\View\View.php(467): CodeIgniter\View\View->render('card.php', null, true)
 3 APPPATH\Views\frontend\home.php(4): CodeIgniter\View\View->include('card.php')
 4 SYSTEMPATH\View\View.php(226): include('E:\\xampp\\htdocs\\codeigniter\\app\\Views\\frontend\\home.php')
 5 SYSTEMPATH\View\View.php(229): CodeIgniter\View\View->CodeIgniter\View\{closure}()
 6 SYSTEMPATH\Common.php(1188): CodeIgniter\View\View->render('frontend/home', [], true)
 7 APPPATH\Controllers\Home.php(9): view('frontend/home')
 8 SYSTEMPATH\CodeIgniter.php(919): App\Controllers\Home->index()
 9 SYSTEMPATH\CodeIgniter.php(494): CodeIgniter\CodeIgniter->runController(Object(App\Controllers\Home))
10 SYSTEMPATH\CodeIgniter.php(353): CodeIgniter\CodeIgniter->handleRequest(null, Object(Config\Cache), false)
11 FCPATH\index.php(79): CodeIgniter\CodeIgniter->run()
12 SYSTEMPATH\Commands\Server\rewrite.php(47): require_once('E:\\xampp\\htdocs\\codeigniter\\public\\index.php')
