CRITICAL - 2023-10-03 05:08:19 --> Invalid file: "frontend/singin.php"
in SYSTEMPATH\Exceptions\FrameworkException.php on line 39.
 1 SYSTEMPATH\View\View.php(214): CodeIgniter\Exceptions\FrameworkException::forInvalidFile('frontend/singin.php')
 2 SYSTEMPATH\Common.php(1188): CodeIgniter\View\View->render('frontend/singin', [], true)
 3 APPPATH\Controllers\Home.php(42): view('frontend/singin')
 4 SYSTEMPATH\CodeIgniter.php(919): App\Controllers\Home->singin()
 5 SYSTEMPATH\CodeIgniter.php(494): CodeIgniter\CodeIgniter->runController(Object(App\Controllers\Home))
 6 SYSTEMPATH\CodeIgniter.php(353): CodeIgniter\CodeIgniter->handleRequest(null, Object(Config\Cache), false)
 7 FCPATH\index.php(79): CodeIgniter\CodeIgniter->run()
 8 SYSTEMPATH\Commands\Server\rewrite.php(47): require_once('E:\\xampp\\htdocs\\codeigniter\\public\\index.php')
CRITICAL - 2023-10-03 05:08:40 --> Invalid file: "frontend/singin.php"
in SYSTEMPATH\Exceptions\FrameworkException.php on line 39.
 1 SYSTEMPATH\View\View.php(214): CodeIgniter\Exceptions\FrameworkException::forInvalidFile('frontend/singin.php')
 2 SYSTEMPATH\Common.php(1188): CodeIgniter\View\View->render('frontend/singin', [], true)
 3 APPPATH\Controllers\Home.php(42): view('frontend/singin')
 4 SYSTEMPATH\CodeIgniter.php(919): App\Controllers\Home->singin()
 5 SYSTEMPATH\CodeIgniter.php(494): CodeIgniter\CodeIgniter->runController(Object(App\Controllers\Home))
 6 SYSTEMPATH\CodeIgniter.php(353): CodeIgniter\CodeIgniter->handleRequest(null, Object(Config\Cache), false)
 7 FCPATH\index.php(79): CodeIgniter\CodeIgniter->run()
 8 SYSTEMPATH\Commands\Server\rewrite.php(47): require_once('E:\\xampp\\htdocs\\codeigniter\\public\\index.php')
